<?xml version="1.0" encoding="UTF-8"?>
<!-- Generated by org.testng.reporters.JUnitReportReporter -->
<testsuite skipped="1" hostname="AithGGN1347" name="com.AliS.qa.TestCase.LoginPageTest" tests="1" failures="0" timestamp="2022-06-23T13:21:39 IST" time="0.000" errors="0">
  <testcase name="LoginAlis" time="0.000" classname="com.AliS.qa.TestCase.LoginPageTest">
    <skipped/>
  </testcase> <!-- LoginAlis -->
</testsuite> <!-- com.AliS.qa.TestCase.LoginPageTest -->
